0 info it worked if it ends with ok
1 verbose cli [ '/usr/local/bin/node', '/usr/local/bin/npm', 'run', 'dev' ]
2 info using npm@3.8.6
3 info using node@v5.11.1
4 verbose run-script [ 'predev', 'dev', 'postdev' ]
5 info lifecycle fksdb@1.0.0~predev: fksdb@1.0.0
6 silly lifecycle fksdb@1.0.0~predev: no script for predev, continuing
7 info lifecycle fksdb@1.0.0~dev: fksdb@1.0.0
8 verbose lifecycle fksdb@1.0.0~dev: unsafe-perm in lifecycle true
9 verbose lifecycle fksdb@1.0.0~dev: PATH: /usr/local/lib/node_modules/npm/bin/node-gyp-bin:/var/www/html/fksdb/typescript/node_modules/.bin:/usr/local/bin:/home/miso/bin:/usr/local/sbin:/usr/local/bin:/usr/sbin:/usr/bin:/sbin:/bin:/usr/games:/usr/local/games:/home/miso/Android/Sdk/tools:/home/miso/Android/Sdk/platform-tools
10 verbose lifecycle fksdb@1.0.0~dev: CWD: /var/www/html/fksdb/typescript
11 silly lifecycle fksdb@1.0.0~dev: Args: [ '-c', 'webpack --color --watch -mode="development"' ]
12 silly lifecycle fksdb@1.0.0~dev: Returned: code: 1  signal: null
13 info lifecycle fksdb@1.0.0~dev: Failed to exec dev script
14 verbose stack Error: fksdb@1.0.0 dev: `webpack --color --watch -mode="development"`
14 verbose stack Exit status 1
14 verbose stack     at EventEmitter.<anonymous> (/usr/local/lib/node_modules/npm/lib/utils/lifecycle.js:239:16)
14 verbose stack     at emitTwo (events.js:100:13)
14 verbose stack     at EventEmitter.emit (events.js:185:7)
14 verbose stack     at ChildProcess.<anonymous> (/usr/local/lib/node_modules/npm/lib/utils/spawn.js:24:14)
14 verbose stack     at emitTwo (events.js:100:13)
14 verbose stack     at ChildProcess.emit (events.js:185:7)
14 verbose stack     at maybeClose (internal/child_process.js:850:16)
14 verbose stack     at Process.ChildProcess._handle.onexit (internal/child_process.js:215:5)
15 verbose pkgid fksdb@1.0.0
16 verbose cwd /var/www/html/fksdb/typescript
17 error Linux 4.4.0-137-generic
18 error argv "/usr/local/bin/node" "/usr/local/bin/npm" "run" "dev"
19 error node v5.11.1
20 error npm  v3.8.6
21 error code ELIFECYCLE
22 error fksdb@1.0.0 dev: `webpack --color --watch -mode="development"`
22 error Exit status 1
23 error Failed at the fksdb@1.0.0 dev script 'webpack --color --watch -mode="development"'.
23 error Make sure you have the latest version of node.js and npm installed.
23 error If you do, this is most likely a problem with the fksdb package,
23 error not with npm itself.
23 error Tell the author that this fails on your system:
23 error     webpack --color --watch -mode="development"
23 error You can get information on how to open an issue for this project with:
23 error     npm bugs fksdb
23 error Or if that isn't available, you can get their info via:
23 error     npm owner ls fksdb
23 error There is likely additional logging output above.
24 verbose exit [ 1, true ]
